<?xml version="1.0" encoding="UTF-8" ?>
<testsuite tests="3" failures="2" name="com.crm.qa.testcases.LoginPageTest" time="7.089" errors="0" skipped="0">
  <properties>
    <property name="java.vendor" value="Oracle Corporation"/>
    <property name="JOB_NAME" value="CRM test proj"/>
    <property name="sun.java.launcher" value="SUN_STANDARD"/>
    <property name="NUMBER_OF_PROCESSORS" value="8"/>
    <property name="sun.management.compiler" value="HotSpot 64-Bit Tiered Compilers"/>
    <property name="JENKINS_HOME" value="C:\Users\karan\.jenkins"/>
    <property name="HUDSON_SERVER_COOKIE" value="79dff244dbdbf33b"/>
    <property name="os.name" value="Windows 10"/>
    <property name="sun.boot.class.path" value="C:\Program Files\Java\jdk1.8.0_221\jre\lib\resources.jar;C:\Program Files\Java\jdk1.8.0_221\jre\lib\rt.jar;C:\Program Files\Java\jdk1.8.0_221\jre\lib\sunrsasign.jar;C:\Program Files\Java\jdk1.8.0_221\jre\lib\jsse.jar;C:\Program Files\Java\jdk1.8.0_221\jre\lib\jce.jar;C:\Program Files\Java\jdk1.8.0_221\jre\lib\charsets.jar;C:\Program Files\Java\jdk1.8.0_221\jre\lib\jfr.jar;C:\Program Files\Java\jdk1.8.0_221\jre\classes"/>
    <property name="EXECUTOR_NUMBER" value="0"/>
    <property name="sun.desktop" value="windows"/>
    <property name="PATHEXT" value=".COM;.EXE;.BAT;.CMD;.VBS;.VBE;.JS;.JSE;.WSF;.WSH;.MSC"/>
    <property name="java.vm.specification.vendor" value="Oracle Corporation"/>
    <property name="NODE_LABELS" value="master"/>
    <property name="TEMP" value="C:\Users\karan\AppData\Local\Temp"/>
    <property name="java.runtime.version" value="1.8.0_221-b11"/>
    <property name="user.name" value="karan"/>
    <property name="guice.disable.misplaced.annotation.check" value="true"/>
    <property name="CommonProgramW6432" value="C:\Program Files\Common Files"/>
    <property name="ProgramFiles" value="C:\Program Files"/>
    <property name="DASHLANE_DLL_DIR" value="C:\Users\karan\AppData\Roaming\Dashlane\6.1933.0.22573\bin\Firefox_Extension\{442718d9-475e-452a-b3e1-fb1ee16b8e9f}\components;C:\Users\karan\AppData\Roaming\Dashlane\6.1933.0.22573\ucrt;C:\Users\karan\AppData\Roaming\Dashlane\6.1933.0.22573\bin\Qt;C:\Users\karan\AppData\Roaming\Dashlane\6.1933.0.22573\ucrt;C:\Users\karan\AppData\Roaming\Dashlane\6.1933.0.22573\bin\Ssl"/>
    <property name="PROMPT" value="$P$G"/>
    <property name="user.language" value="en"/>
    <property name="JOB_BASE_NAME" value="CRM test proj"/>
    <property name="RUN_CHANGES_DISPLAY_URL" value="http://localhost:8080/job/CRM%20test%20proj/1/display/redirect?page=changes"/>
    <property name="BUILD_DISPLAY_NAME" value="#1"/>
    <property name="OneDrive" value="C:\Users\karan\OneDrive"/>
    <property name="sun.boot.library.path" value="C:\Program Files\Java\jdk1.8.0_221\jre\bin"/>
    <property name="LOCALAPPDATA" value="C:\Users\karan\AppData\Local"/>
    <property name="java.version" value="1.8.0_221"/>
    <property name="PROCESSOR_LEVEL" value="6"/>
    <property name="user.timezone" value="Australia/Sydney"/>
    <property name="USERNAME" value="karan"/>
    <property name="sun.arch.data.model" value="64"/>
    <property name="NODE_NAME" value="master"/>
    <property name="OneDriveConsumer" value="C:\Users\karan\OneDrive"/>
    <property name="java.endorsed.dirs" value="C:\Program Files\Java\jdk1.8.0_221\jre\lib\endorsed"/>
    <property name="BUILD_ID" value="1"/>
    <property name="sun.cpu.isalist" value="amd64"/>
    <property name="sun.jnu.encoding" value="Cp1252"/>
    <property name="file.encoding.pkg" value="sun.io"/>
    <property name="file.separator" value="\"/>
    <property name="java.specification.name" value="Java Platform API Specification"/>
    <property name="HOMEDRIVE" value="C:"/>
    <property name="maven.conf" value="C:\Users\karan\.jenkins\tools\hudson.tasks.Maven_MavenInstallation\TestMaven\conf"/>
    <property name="java.class.version" value="52.0"/>
    <property name="=::" value="::\"/>
    <property name="org.slf4j.simpleLogger.defaultLogLevel" value="info"/>
    <property name="user.country" value="IN"/>
    <property name="ALLUSERSPROFILE" value="C:\ProgramData"/>
    <property name="java.home" value="C:\Program Files\Java\jdk1.8.0_221\jre"/>
    <property name="java.vm.info" value="mixed mode"/>
    <property name="os.version" value="10.0"/>
    <property name="=ExitCode" value="00000001"/>
    <property name="RUN_DISPLAY_URL" value="http://localhost:8080/job/CRM%20test%20proj/1/display/redirect"/>
    <property name="TMP" value="C:\Users\karan\AppData\Local\Temp"/>
    <property name="path.separator" value=";"/>
    <property name="java.vm.version" value="25.221-b11"/>
    <property name="user.variant" value=""/>
    <property name="JOB_DISPLAY_URL" value="http://localhost:8080/job/CRM%20test%20proj/display/redirect"/>
    <property name="CommonProgramFiles(x86)" value="C:\Program Files (x86)\Common Files"/>
    <property name="USERDOMAIN_ROAMINGPROFILE" value="DESKTOP-K242S0S"/>
    <property name="java.awt.printerjob" value="sun.awt.windows.WPrinterJob"/>
    <property name="JAVA_HOME" value="C:\Program Files\Java\jdk1.8.0_221"/>
    <property name="sun.io.unicode.encoding" value="UnicodeLittle"/>
    <property name="CommonProgramFiles" value="C:\Program Files\Common Files"/>
    <property name="ComSpec" value="C:\WINDOWS\system32\cmd.exe"/>
    <property name="HOMEPATH" value="\Users\karan"/>
    <property name="awt.toolkit" value="sun.awt.windows.WToolkit"/>
    <property name="COMPUTERNAME" value="DESKTOP-K242S0S"/>
    <property name="user.script" value=""/>
    <property name="user.home" value="C:\Users\karan"/>
    <property name="PUBLIC" value="C:\Users\Public"/>
    <property name="BUILD_TAG" value="jenkins-CRM test proj-1"/>
    <property name="JENKINS_SERVER_COOKIE" value="79dff244dbdbf33b"/>
    <property name="HUDSON_URL" value="http://localhost:8080/"/>
    <property name="ProgramData" value="C:\ProgramData"/>
    <property name="java.specification.vendor" value="Oracle Corporation"/>
    <property name="USERPROFILE" value="C:\Users\karan"/>
    <property name="CLASSPATH" value=""/>
    <property name="java.vendor.url" value="http://java.oracle.com/"/>
    <property name="java.library.path" value="C:\Program Files\Java\jdk1.8.0_221\bin;C:\WINDOWS\Sun\Java\bin;C:\WINDOWS\system32;C:\WINDOWS;C:\Users\karan\.jenkins\tools\hudson.tasks.Maven_MavenInstallation\TestMaven/bin;C:\Program Files\Java\jdk1.8.0_221/bin;C:\Program Files\Java\jdk1.8.0_221/bin;C:\Program Files (x86)\Common Files\Oracle\Java\javapath;C:\WINDOWS\system32;C:\WINDOWS;C:\WINDOWS\System32\Wbem;C:\WINDOWS\System32\WindowsPowerShell\v1.0\;C:\WINDOWS\System32\OpenSSH\;C:\Program Files\Java\jdk1.8.0_221\bin;C:\Program Files\Git\cmd;C:\Program Files\Git\bin;C:\Program Files\nodejs\;C:\Users\karan\AppData\Local\Microsoft\WindowsApps;C:\Users\karan\AppData\Roaming\Dashlane\6.1933.0.22573\bin\Firefox_Extension\{442718d9-475e-452a-b3e1-fb1ee16b8e9f}\components;C:\Users\karan\AppData\Roaming\Dashlane\6.1933.0.22573\ucrt;C:\Users\karan\AppData\Roaming\Dashlane\6.1933.0.22573\bin\Qt;C:\Users\karan\AppData\Roaming\Dashlane\6.1933.0.22573\ucrt;C:\Users\karan\AppData\Roaming\Dashlane\6.1933.0.22573\bin\Ssl;C:\Users\karan\AppData\Local\Programs\Microsoft VS Code\bin;C:\Users\karan\AppData\Roaming\npm;C:\Program Files\nodejs\;;."/>
    <property name="java.vm.vendor" value="Oracle Corporation"/>
    <property name="APPDATA" value="C:\Users\karan\AppData\Roaming"/>
    <property name="java.runtime.name" value="Java(TM) SE Runtime Environment"/>
    <property name="maven.home" value="C:\Users\karan\.jenkins\tools\hudson.tasks.Maven_MavenInstallation\TestMaven"/>
    <property name="java.class.path" value="C:\Users\karan\.jenkins\plugins\maven-plugin\WEB-INF\lib\maven35-agent-1.13.jar;C:\Users\karan\.jenkins\tools\hudson.tasks.Maven_MavenInstallation\TestMaven\boot\plexus-classworlds-2.6.0.jar;C:\Users\karan\.jenkins\tools\hudson.tasks.Maven_MavenInstallation\TestMaven/conf/logging"/>
    <property name="sun.java.command" value="jenkins.maven3.agent.Maven35Main C:\Users\karan\.jenkins\tools\hudson.tasks.Maven_MavenInstallation\TestMaven C:\Users\karan\.jenkins\war\WEB-INF\lib\remoting-4.2.jar C:\Users\karan\.jenkins\plugins\maven-plugin\WEB-INF\lib\maven35-interceptor-1.13.jar C:\Users\karan\.jenkins\plugins\maven-plugin\WEB-INF\lib\maven3-interceptor-commons-1.13.jar 58578"/>
    <property name="Path" value="C:\Program Files\Java\jdk1.8.0_221/bin;C:\Program Files (x86)\Common Files\Oracle\Java\javapath;C:\WINDOWS\system32;C:\WINDOWS;C:\WINDOWS\System32\Wbem;C:\WINDOWS\System32\WindowsPowerShell\v1.0\;C:\WINDOWS\System32\OpenSSH\;C:\Program Files\Java\jdk1.8.0_221\bin;C:\Program Files\Git\cmd;C:\Program Files\Git\bin;C:\Program Files\nodejs\;C:\Users\karan\AppData\Local\Microsoft\WindowsApps;C:\Users\karan\AppData\Roaming\Dashlane\6.1933.0.22573\bin\Firefox_Extension\{442718d9-475e-452a-b3e1-fb1ee16b8e9f}\components;C:\Users\karan\AppData\Roaming\Dashlane\6.1933.0.22573\ucrt;C:\Users\karan\AppData\Roaming\Dashlane\6.1933.0.22573\bin\Qt;C:\Users\karan\AppData\Roaming\Dashlane\6.1933.0.22573\ucrt;C:\Users\karan\AppData\Roaming\Dashlane\6.1933.0.22573\bin\Ssl;C:\Users\karan\AppData\Local\Programs\Microsoft VS Code\bin;C:\Users\karan\AppData\Roaming\npm;C:\Program Files\nodejs\;"/>
    <property name="java.vm.specification.name" value="Java Virtual Machine Specification"/>
    <property name="PROCESSOR_ARCHITECTURE" value="AMD64"/>
    <property name="PATH+JDK" value="C:\Program Files\Java\jdk1.8.0_221/bin"/>
    <property name="PROCESSOR_IDENTIFIER" value="Intel64 Family 6 Model 142 Stepping 10, GenuineIntel"/>
    <property name="SESSIONNAME" value="Console"/>
    <property name="java.vm.specification.version" value="1.8"/>
    <property name="sun.os.patch.level" value=""/>
    <property name="sun.cpu.endian" value="little"/>
    <property name="M2_HOME" value="C:\Users\karan\.jenkins\tools\hudson.tasks.Maven_MavenInstallation\TestMaven"/>
    <property name="=D:" value="D:\JENKINS"/>
    <property name="java.io.tmpdir" value="C:\Users\karan\AppData\Local\Temp\"/>
    <property name="OS" value="Windows_NT"/>
    <property name="HUDSON_HOME" value="C:\Users\karan\.jenkins"/>
    <property name="PATH+MAVEN" value="C:\Users\karan\.jenkins\tools\hudson.tasks.Maven_MavenInstallation\TestMaven/bin"/>
    <property name="ProgramFiles(x86)" value="C:\Program Files (x86)"/>
    <property name="BUILD_URL" value="http://localhost:8080/job/CRM%20test%20proj/1/"/>
    <property name="java.vendor.url.bug" value="http://bugreport.sun.com/bugreport/"/>
    <property name="java.awt.graphicsenv" value="sun.awt.Win32GraphicsEnvironment"/>
    <property name="os.arch" value="amd64"/>
    <property name="SystemRoot" value="C:\WINDOWS"/>
    <property name="java.ext.dirs" value="C:\Program Files\Java\jdk1.8.0_221\jre\lib\ext;C:\WINDOWS\Sun\Java\lib\ext"/>
    <property name="user.dir" value="D:\workspace\FreeCRMTest"/>
    <property name="JOB_URL" value="http://localhost:8080/job/CRM%20test%20proj/"/>
    <property name="LOGONSERVER" value="\\DESKTOP-K242S0S"/>
    <property name="USERDOMAIN" value="DESKTOP-K242S0S"/>
    <property name="line.separator" value="
"/>
    <property name="MAVEN_HOME" value="C:\Users\karan\.jenkins\tools\hudson.tasks.Maven_MavenInstallation\TestMaven"/>
    <property name="java.vm.name" value="Java HotSpot(TM) 64-Bit Server VM"/>
    <property name="BUILD_NUMBER" value="1"/>
    <property name="JENKINS_URL" value="http://localhost:8080/"/>
    <property name="PROCESSOR_REVISION" value="8e0a"/>
    <property name="ProgramW6432" value="C:\Program Files"/>
    <property name="windir" value="C:\WINDOWS"/>
    <property name="=C:" value="C:\Users\karan"/>
    <property name="file.encoding" value="Cp1252"/>
    <property name="SystemDrive" value="C:"/>
    <property name="maven3.interceptor" value="C:\Users\karan\.jenkins\plugins\maven-plugin\WEB-INF\lib\maven35-interceptor-1.13.jar"/>
    <property name="WORKSPACE_TMP" value="C:\Users\karan\.jenkins\workspace\CRM test proj@tmp"/>
    <property name="WORKSPACE" value="C:\Users\karan\.jenkins\workspace\CRM test proj"/>
    <property name="maven3.interceptor.common" value="C:\Users\karan\.jenkins\plugins\maven-plugin\WEB-INF\lib\maven3-interceptor-commons-1.13.jar"/>
    <property name="java.specification.version" value="1.8"/>
    <property name="PSModulePath" value="C:\Program Files\WindowsPowerShell\Modules;C:\WINDOWS\system32\WindowsPowerShell\v1.0\Modules"/>
    <property name="DriverData" value="C:\Windows\System32\Drivers\DriverData"/>
  </properties>
  <testcase classname="com.crm.qa.testcases.LoginPageTest" name="LoginPageTitleTest" time="0.032">
    <failure message="expected [CRMPRO  - CRM software for customer relationship management, sales, and support.] but found [CRMPRO - CRM software for customer relationship management, sales, and support.]" type="java.lang.AssertionError">java.lang.AssertionError: expected [CRMPRO  - CRM software for customer relationship management, sales, and support.] but found [CRMPRO - CRM software for customer relationship management, sales, and support.]
	at org.testng.Assert.fail(Assert.java:93)
	at org.testng.Assert.failNotEquals(Assert.java:512)
	at org.testng.Assert.assertEqualsImpl(Assert.java:134)
	at org.testng.Assert.assertEquals(Assert.java:115)
	at org.testng.Assert.assertEquals(Assert.java:189)
	at org.testng.Assert.assertEquals(Assert.java:199)
	at com.crm.qa.testcases.LoginPageTest.LoginPageTitleTest(LoginPageTest.java:29)
</failure>
    <system-out>Configuring TestNG with: org.apache.maven.surefire.testng.conf.TestNG652Configurator@7a7b0070
</system-out>
    <system-err>SLF4J: Failed to load class &quot;org.slf4j.impl.StaticLoggerBinder&quot;.
SLF4J: Defaulting to no-operation (NOP) logger implementation
SLF4J: See http://www.slf4j.org/codes.html#StaticLoggerBinder for further details.
Starting ChromeDriver 80.0.3987.16 (320f6526c1632ad4f205ebce69b99a062ed78647-refs/branch-heads/3987@{#185}) on port 5412
Only local connections are allowed.
Please protect ports used by ChromeDriver and related test frameworks to prevent access by malicious code.
log4j:WARN No appenders could be found for logger (org.apache.http.client.protocol.RequestAddCookies).
log4j:WARN Please initialize the log4j system properly.
log4j:WARN See http://logging.apache.org/log4j/1.2/faq.html#noconfig for more info.
[1584577940.967][WARNING]: Timed out connecting to Chrome, retrying...
Mar 19, 2020 11:32:23 AM org.openqa.selenium.remote.ProtocolHandshake createSession
INFO: Detected dialect: W3C
[1584577945.162][WARNING]: Timed out connecting to Chrome, retrying...
[1584577949.197][SEVERE]: Timed out receiving message from renderer: 0.100
[1584577949.298][SEVERE]: Timed out receiving message from renderer: 0.100
[1584577949.404][SEVERE]: Timed out receiving message from renderer: 0.100
[1584577949.509][SEVERE]: Timed out receiving message from renderer: 0.100
[1584577949.612][SEVERE]: Timed out receiving message from renderer: 0.100
[1584577949.716][SEVERE]: Timed out receiving message from renderer: 0.100
[1584577949.821][SEVERE]: Timed out receiving message from renderer: 0.100
[1584577949.924][SEVERE]: Timed out receiving message from renderer: 0.100
[1584577950.026][SEVERE]: Timed out receiving message from renderer: 0.100
[1584577950.129][SEVERE]: Timed out receiving message from renderer: 0.100
[1584577950.232][SEVERE]: Timed out receiving message from renderer: 0.100
[1584577950.333][SEVERE]: Timed out receiving message from renderer: 0.100
[1584577950.764][SEVERE]: Timed out receiving message from renderer: 0.100
[1584577950.998][SEVERE]: Timed out receiving message from renderer: 0.100
[1584577951.151][SEVERE]: Timed out receiving message from renderer: 0.100
[1584577951.254][SEVERE]: Timed out receiving message from renderer: 0.100
[1584577951.374][SEVERE]: Timed out receiving message from renderer: 0.100
[1584577951.494][SEVERE]: Timed out receiving message from renderer: 0.100
[1584577951.619][SEVERE]: Timed out receiving message from renderer: 0.100
</system-err>
  </testcase>
  <testcase classname="com.crm.qa.testcases.LoginPageTest" name="LoginPageLogoImageTest" time="0.087">
    <failure message="invalid selector: Unable to locate an element with the xpath expression //img[contains(@class=&apos;img-responsive&apos;)] because of the following error:
SyntaxError: Failed to execute &apos;evaluate&apos; on &apos;Document&apos;: The string &apos;//img[contains(@class=&apos;img-responsive&apos;)]&apos; is not a valid XPath expression.
  (Session info: chrome=80.0.3987.132)
For documentation on this error, please visit: http://seleniumhq.org/exceptions/invalid_selector_exception.html
Build info: version: &apos;3.5.3&apos;, revision: &apos;a88d25fe6b&apos;, time: &apos;2017-08-29T12:42:44.417Z&apos;
System info: host: &apos;DESKTOP-K242S0S&apos;, ip: &apos;192.168.43.88&apos;, os.name: &apos;Windows 10&apos;, os.arch: &apos;amd64&apos;, os.version: &apos;10.0&apos;, java.version: &apos;1.8.0_221&apos;
Driver info: org.openqa.selenium.chrome.ChromeDriver
Capabilities [{networkConnectionEnabled=false, chrome={chromedriverVersion=80.0.3987.16 (320f6526c1632ad4f205ebce69b99a062ed78647-refs/branch-heads/3987@{#185}), userDataDir=C:\Users\karan\AppData\Local\Temp\scoped_dir14144_1774461875}, timeouts={implicit=0, pageLoad=300000, script=30000}, pageLoadStrategy=normal, unhandledPromptBehavior=dismiss and notify, strictFileInteractability=false, platform=XP, proxy=Proxy(), goog:chromeOptions={debuggerAddress=localhost:58619}, acceptInsecureCerts=false, browserVersion=80.0.3987.132, browserName=chrome, javascriptEnabled=true, platformName=XP, setWindowRect=true}]
Session ID: 0a32d7ad9ef5caae516fd26837048445
*** Element info: {Using=xpath, value=//img[contains(@class=&apos;img-responsive&apos;)]}" type="org.openqa.selenium.InvalidSelectorException">org.openqa.selenium.InvalidSelectorException: invalid selector: Unable to locate an element with the xpath expression //img[contains(@class=&apos;img-responsive&apos;)] because of the following error:
SyntaxError: Failed to execute &apos;evaluate&apos; on &apos;Document&apos;: The string &apos;//img[contains(@class=&apos;img-responsive&apos;)]&apos; is not a valid XPath expression.
  (Session info: chrome=80.0.3987.132)
For documentation on this error, please visit: http://seleniumhq.org/exceptions/invalid_selector_exception.html
Build info: version: &apos;3.5.3&apos;, revision: &apos;a88d25fe6b&apos;, time: &apos;2017-08-29T12:42:44.417Z&apos;
System info: host: &apos;DESKTOP-K242S0S&apos;, ip: &apos;192.168.43.88&apos;, os.name: &apos;Windows 10&apos;, os.arch: &apos;amd64&apos;, os.version: &apos;10.0&apos;, java.version: &apos;1.8.0_221&apos;
Driver info: org.openqa.selenium.chrome.ChromeDriver
Capabilities [{networkConnectionEnabled=false, chrome={chromedriverVersion=80.0.3987.16 (320f6526c1632ad4f205ebce69b99a062ed78647-refs/branch-heads/3987@{#185}), userDataDir=C:\Users\karan\AppData\Local\Temp\scoped_dir14144_1774461875}, timeouts={implicit=0, pageLoad=300000, script=30000}, pageLoadStrategy=normal, unhandledPromptBehavior=dismiss and notify, strictFileInteractability=false, platform=XP, proxy=Proxy(), goog:chromeOptions={debuggerAddress=localhost:58619}, acceptInsecureCerts=false, browserVersion=80.0.3987.132, browserName=chrome, javascriptEnabled=true, platformName=XP, setWindowRect=true}]
Session ID: 0a32d7ad9ef5caae516fd26837048445
*** Element info: {Using=xpath, value=//img[contains(@class=&apos;img-responsive&apos;)]}
	at sun.reflect.NativeConstructorAccessorImpl.newInstance0(Native Method)
	at sun.reflect.NativeConstructorAccessorImpl.newInstance(NativeConstructorAccessorImpl.java:62)
	at sun.reflect.DelegatingConstructorAccessorImpl.newInstance(DelegatingConstructorAccessorImpl.java:45)
	at java.lang.reflect.Constructor.newInstance(Constructor.java:423)
	at org.openqa.selenium.remote.http.W3CHttpResponseCodec.createException(W3CHttpResponseCodec.java:185)
	at org.openqa.selenium.remote.http.W3CHttpResponseCodec.decode(W3CHttpResponseCodec.java:120)
	at org.openqa.selenium.remote.http.W3CHttpResponseCodec.decode(W3CHttpResponseCodec.java:49)
	at org.openqa.selenium.remote.HttpCommandExecutor.execute(HttpCommandExecutor.java:164)
	at org.openqa.selenium.remote.service.DriverCommandExecutor.execute(DriverCommandExecutor.java:82)
	at org.openqa.selenium.remote.RemoteWebDriver.execute(RemoteWebDriver.java:646)
	at org.openqa.selenium.remote.RemoteWebDriver.findElement(RemoteWebDriver.java:416)
	at org.openqa.selenium.remote.RemoteWebDriver.findElementByXPath(RemoteWebDriver.java:518)
	at org.openqa.selenium.By$ByXPath.findElement(By.java:361)
	at org.openqa.selenium.remote.RemoteWebDriver.findElement(RemoteWebDriver.java:408)
	at sun.reflect.NativeMethodAccessorImpl.invoke0(Native Method)
	at sun.reflect.NativeMethodAccessorImpl.invoke(NativeMethodAccessorImpl.java:62)
	at sun.reflect.DelegatingMethodAccessorImpl.invoke(DelegatingMethodAccessorImpl.java:43)
	at java.lang.reflect.Method.invoke(Method.java:498)
	at org.openqa.selenium.support.events.EventFiringWebDriver$2.invoke(EventFiringWebDriver.java:105)
	at com.sun.proxy.$Proxy5.findElement(Unknown Source)
	at org.openqa.selenium.support.events.EventFiringWebDriver.findElement(EventFiringWebDriver.java:189)
	at org.openqa.selenium.support.pagefactory.DefaultElementLocator.findElement(DefaultElementLocator.java:69)
	at org.openqa.selenium.support.pagefactory.internal.LocatingElementHandler.invoke(LocatingElementHandler.java:38)
	at com.sun.proxy.$Proxy9.isDisplayed(Unknown Source)
	at com.crm.qa.pages.LoginPage.validateCRMImage(LoginPage.java:43)
	at com.crm.qa.testcases.LoginPageTest.LoginPageLogoImageTest(LoginPageTest.java:34)
</failure>
    <system-err>Starting ChromeDriver 80.0.3987.16 (320f6526c1632ad4f205ebce69b99a062ed78647-refs/branch-heads/3987@{#185}) on port 18158
Only local connections are allowed.
Please protect ports used by ChromeDriver and related test frameworks to prevent access by malicious code.
[1584577956.973][WARNING]: Timed out connecting to Chrome, retrying...
Mar 19, 2020 11:32:39 AM org.openqa.selenium.remote.ProtocolHandshake createSession
INFO: Detected dialect: W3C
[1584577961.042][WARNING]: Timed out connecting to Chrome, retrying...
[1584577964.413][SEVERE]: Timed out receiving message from renderer: 0.100
[1584577964.518][SEVERE]: Timed out receiving message from renderer: 0.100
[1584577964.625][SEVERE]: Timed out receiving message from renderer: 0.100
[1584577964.727][SEVERE]: Timed out receiving message from renderer: 0.100
[1584577964.832][SEVERE]: Timed out receiving message from renderer: 0.100
[1584577964.936][SEVERE]: Timed out receiving message from renderer: 0.100
[1584577965.041][SEVERE]: Timed out receiving message from renderer: 0.100
[1584577965.144][SEVERE]: Timed out receiving message from renderer: 0.100
[1584577965.248][SEVERE]: Timed out receiving message from renderer: 0.100
[1584577965.354][SEVERE]: Timed out receiving message from renderer: 0.100
[1584577965.457][SEVERE]: Timed out receiving message from renderer: 0.100
[1584577965.559][SEVERE]: Timed out receiving message from renderer: 0.100
[1584577965.661][SEVERE]: Timed out receiving message from renderer: 0.100
[1584577966.470][SEVERE]: Timed out receiving message from renderer: 0.100
[1584577966.574][SEVERE]: Timed out receiving message from renderer: 0.100
[1584577966.678][SEVERE]: Timed out receiving message from renderer: 0.100
[1584577966.780][SEVERE]: Timed out receiving message from renderer: 0.100
[1584577966.905][SEVERE]: Timed out receiving message from renderer: 0.100
[1584577967.009][SEVERE]: Timed out receiving message from renderer: 0.100
[1584577967.114][SEVERE]: Timed out receiving message from renderer: 0.100
[1584577967.217][SEVERE]: Timed out receiving message from renderer: 0.100
[1584577967.322][SEVERE]: Timed out receiving message from renderer: 0.100
[1584577967.453][SEVERE]: Timed out receiving message from renderer: 0.100
[1584577967.561][SEVERE]: Timed out receiving message from renderer: 0.100
[1584577967.663][SEVERE]: Timed out receiving message from renderer: 0.100
[1584577967.768][SEVERE]: Timed out receiving message from renderer: 0.100
[1584577967.871][SEVERE]: Timed out receiving message from renderer: 0.100
[1584577968.019][SEVERE]: Timed out receiving message from renderer: 0.100
[1584577968.123][SEVERE]: Timed out receiving message from renderer: 0.100
[1584577968.225][SEVERE]: Timed out receiving message from renderer: 0.100
[1584577968.487][SEVERE]: Timed out receiving message from renderer: 0.100
[1584577968.593][SEVERE]: Timed out receiving message from renderer: 0.100
[1584577968.697][SEVERE]: Timed out receiving message from renderer: 0.100
[1584577968.801][SEVERE]: Timed out receiving message from renderer: 0.100
[1584577968.905][SEVERE]: Timed out receiving message from renderer: 0.100
</system-err>
  </testcase>
  <testcase classname="com.crm.qa.testcases.LoginPageTest" name="LoginTest" time="6.97"/>
</testsuite>